Sep-06 17:46:51.181 [main] DEBUG nextflow.cli.Launcher - $> /usr/local/bin/nextflow run main.nf -resume
Sep-06 17:46:51.308 [main] INFO  nextflow.cli.CmdRun - N E X T F L O W  ~  version 0.23.3
Sep-06 17:46:51.319 [main] INFO  nextflow.cli.CmdRun - Launching `main.nf` [sleepy_knuth] - revision: 7c37afb0d7
Sep-06 17:46:51.604 [main] DEBUG nextflow.Session - Session uuid: 3f8c3646-ca42-4bf7-b2a0-101a9eef32ad
Sep-06 17:46:51.604 [main] DEBUG nextflow.Session - Run name: sleepy_knuth
Sep-06 17:46:51.606 [main] DEBUG nextflow.Session - Executor pool size: 4
Sep-06 17:46:51.646 [main] DEBUG nextflow.cli.CmdRun - 
  Version: 0.23.3 build 4168
  Modified: 09-02-2017 16:46 UTC (10:46 CDT)
  System: Mac OS X 10.12.6
  Runtime: Groovy 2.4.7 on Java HotSpot(TM) 64-Bit Server VM 1.8.0_66-b17
  Encoding: UTF-8 (UTF-8)
  Process: 15317@dhcp-129-105-38-105.bmbcb.northwestern.edu [129.105.38.105]
  CPUs: 4 - Mem: 32 GB (387.7 MB) - Swap: 1 GB (957.8 MB)
Sep-06 17:46:51.677 [main] DEBUG nextflow.Session - Work-dir: /Users/stefan/AndersenLab/Github_Repos/indel-simulations-nf/work [Mac OS X]
Sep-06 17:46:51.677 [main] DEBUG nextflow.Session - Script base path does not exist or is not a directory: /Users/stefan/AndersenLab/Github_Repos/indel-simulations-nf/bin
Sep-06 17:46:51.773 [main] DEBUG nextflow.Session - Session start invoked
Sep-06 17:46:51.817 [main] DEBUG nextflow.processor.TaskDispatcher - Dispatcher > start
Sep-06 17:46:51.817 [main] DEBUG nextflow.script.ScriptRunner - > Script parsing
Sep-06 17:46:52.081 [main] DEBUG nextflow.script.ScriptRunner - > Launching execution
Sep-06 17:46:52.323 [main] DEBUG nextflow.processor.ProcessFactory - << taskConfig executor: null
Sep-06 17:46:52.323 [main] DEBUG nextflow.processor.ProcessFactory - >> processorType: 'local'
Sep-06 17:46:52.328 [main] DEBUG nextflow.executor.Executor - Initializing executor: local
Sep-06 17:46:52.329 [main] INFO  nextflow.executor.Executor - [warm up] executor > local
Sep-06 17:46:52.333 [main] DEBUG n.processor.LocalPollingMonitor - Creating local task monitor for executor 'local' > cpus=4; memory=32 GB; capacity=4; pollInterval=100ms; dumpInterval=5m
Sep-06 17:46:52.335 [main] DEBUG nextflow.processor.TaskDispatcher - Starting monitor: LocalPollingMonitor
Sep-06 17:46:52.335 [main] DEBUG n.processor.TaskPollingMonitor - >>> barrier register (monitor: local)
Sep-06 17:46:52.337 [main] DEBUG nextflow.executor.Executor - Invoke register for executor: local
Sep-06 17:46:52.357 [main] DEBUG nextflow.Session - >>> barrier register (process: rsvsim)
Sep-06 17:46:52.367 [main] DEBUG nextflow.processor.TaskProcessor - Creating operator > rsvsim -- maxForks: 4
Sep-06 17:46:52.384 [Actor Thread 3] DEBUG nextflow.processor.TaskProcessor - <rsvsim> Poison pill arrived
Sep-06 17:46:52.384 [Actor Thread 4] DEBUG nextflow.processor.StateObj - <rsvsim> State before poison: StateObj[submitted: 1; completed: 0; poisoned: false ]
Sep-06 17:46:52.387 [main] DEBUG nextflow.processor.ProcessFactory - << taskConfig executor: null
Sep-06 17:46:52.387 [main] DEBUG nextflow.processor.ProcessFactory - >> processorType: 'local'
Sep-06 17:46:52.387 [main] DEBUG nextflow.executor.Executor - Initializing executor: local
Sep-06 17:46:52.387 [main] DEBUG nextflow.Session - >>> barrier register (process: index_simulated_genome)
Sep-06 17:46:52.393 [main] DEBUG nextflow.processor.TaskProcessor - Creating operator > index_simulated_genome -- maxForks: 4
Sep-06 17:46:52.399 [main] DEBUG nextflow.processor.ProcessFactory - << taskConfig executor: null
Sep-06 17:46:52.399 [main] DEBUG nextflow.processor.ProcessFactory - >> processorType: 'local'
Sep-06 17:46:52.399 [main] DEBUG nextflow.executor.Executor - Initializing executor: local
Sep-06 17:46:52.399 [main] DEBUG nextflow.Session - >>> barrier register (process: perform_alignment)
Sep-06 17:46:52.404 [main] DEBUG nextflow.processor.TaskProcessor - Creating operator > perform_alignment -- maxForks: 4
Sep-06 17:46:52.410 [main] DEBUG nextflow.processor.ProcessFactory - << taskConfig executor: null
Sep-06 17:46:52.410 [main] DEBUG nextflow.processor.ProcessFactory - >> processorType: 'local'
Sep-06 17:46:52.410 [main] DEBUG nextflow.executor.Executor - Initializing executor: local
Sep-06 17:46:52.411 [main] WARN  nextflow.processor.TaskProcessor - Output `set` must define at least two component -- Check process `platypus`
Sep-06 17:46:52.411 [main] DEBUG nextflow.Session - >>> barrier register (process: platypus)
Sep-06 17:46:52.416 [main] DEBUG nextflow.processor.TaskProcessor - Creating operator > platypus -- maxForks: 4
Sep-06 17:46:52.418 [main] DEBUG nextflow.processor.ProcessFactory - << taskConfig executor: null
Sep-06 17:46:52.419 [main] DEBUG nextflow.processor.ProcessFactory - >> processorType: 'local'
Sep-06 17:46:52.419 [main] DEBUG nextflow.executor.Executor - Initializing executor: local
Sep-06 17:46:52.419 [main] WARN  nextflow.processor.TaskProcessor - Output `set` must define at least two component -- Check process `freebayes`
Sep-06 17:46:52.419 [main] DEBUG nextflow.Session - >>> barrier register (process: freebayes)
Sep-06 17:46:52.426 [main] DEBUG nextflow.processor.TaskProcessor - Creating operator > freebayes -- maxForks: 4
Sep-06 17:46:52.428 [main] DEBUG nextflow.processor.ProcessFactory - << taskConfig executor: null
Sep-06 17:46:52.428 [main] DEBUG nextflow.processor.ProcessFactory - >> processorType: 'local'
Sep-06 17:46:52.428 [main] DEBUG nextflow.executor.Executor - Initializing executor: local
Sep-06 17:46:52.428 [main] WARN  nextflow.processor.TaskProcessor - Output `set` must define at least two component -- Check process `gatk`
Sep-06 17:46:52.429 [main] DEBUG nextflow.Session - >>> barrier register (process: gatk)
Sep-06 17:46:52.433 [main] DEBUG nextflow.processor.TaskProcessor - Creating operator > gatk -- maxForks: 4
Sep-06 17:46:52.436 [main] DEBUG nextflow.processor.ProcessFactory - << taskConfig executor: null
Sep-06 17:46:52.436 [main] DEBUG nextflow.processor.ProcessFactory - >> processorType: 'local'
Sep-06 17:46:52.436 [main] DEBUG nextflow.executor.Executor - Initializing executor: local
Sep-06 17:46:52.436 [main] WARN  nextflow.processor.TaskProcessor - Output `set` must define at least two component -- Check process `bcftools`
Sep-06 17:46:52.437 [main] DEBUG nextflow.Session - >>> barrier register (process: bcftools)
Sep-06 17:46:52.441 [main] DEBUG nextflow.processor.TaskProcessor - Creating operator > bcftools -- maxForks: 4
Sep-06 17:46:52.444 [main] DEBUG nextflow.processor.ProcessFactory - << taskConfig executor: null
Sep-06 17:46:52.444 [main] DEBUG nextflow.processor.ProcessFactory - >> processorType: 'local'
Sep-06 17:46:52.444 [main] DEBUG nextflow.executor.Executor - Initializing executor: local
Sep-06 17:46:52.445 [main] WARN  nextflow.processor.TaskProcessor - Output `set` must define at least two component -- Check process `delly`
Sep-06 17:46:52.449 [main] DEBUG nextflow.Session - >>> barrier register (process: delly)
Sep-06 17:46:52.459 [main] DEBUG nextflow.processor.TaskProcessor - Creating operator > delly -- maxForks: 4
Sep-06 17:46:52.462 [main] DEBUG nextflow.processor.ProcessFactory - << taskConfig executor: null
Sep-06 17:46:52.462 [main] DEBUG nextflow.processor.ProcessFactory - >> processorType: 'local'
Sep-06 17:46:52.462 [main] DEBUG nextflow.executor.Executor - Initializing executor: local
Sep-06 17:46:52.462 [main] WARN  nextflow.processor.TaskProcessor - Output `set` must define at least two component -- Check process `lumpy`
Sep-06 17:46:52.462 [main] DEBUG nextflow.Session - >>> barrier register (process: lumpy)
Sep-06 17:46:52.467 [main] DEBUG nextflow.processor.TaskProcessor - Creating operator > lumpy -- maxForks: 4
Sep-06 17:46:52.471 [main] DEBUG nextflow.processor.ProcessFactory - << taskConfig executor: null
Sep-06 17:46:52.471 [main] DEBUG nextflow.processor.ProcessFactory - >> processorType: 'local'
Sep-06 17:46:52.471 [main] DEBUG nextflow.executor.Executor - Initializing executor: local
Sep-06 17:46:52.471 [main] WARN  nextflow.processor.TaskProcessor - Input `set` must define at least two component -- Check process `generate_tsv`
Sep-06 17:46:52.472 [main] DEBUG nextflow.Session - >>> barrier register (process: generate_tsv)
Sep-06 17:46:52.477 [main] DEBUG nextflow.processor.TaskProcessor - Creating operator > generate_tsv -- maxForks: 4
Sep-06 17:46:52.478 [main] DEBUG nextflow.script.ScriptRunner - > Await termination 
Sep-06 17:46:52.478 [main] DEBUG nextflow.Session - Session await
Sep-06 17:46:52.521 [Actor Thread 2] INFO  nextflow.processor.TaskProcessor - [0e/9f5dfd] Cached process > rsvsim (1,10 - deletion)
Sep-06 17:46:52.557 [Actor Thread 4] DEBUG nextflow.processor.TaskProcessor - <rsvsim> Sending poison pills and terminating process
Sep-06 17:46:52.557 [Actor Thread 3] DEBUG nextflow.processor.TaskProcessor - <rsvsim> After stop
Sep-06 17:46:52.558 [Actor Thread 2] DEBUG nextflow.processor.TaskProcessor - <index_simulated_genome> Poison pill arrived
Sep-06 17:46:52.558 [Actor Thread 4] DEBUG nextflow.Session - <<< barrier arrive (process: rsvsim)
Sep-06 17:46:52.559 [Actor Thread 5] DEBUG nextflow.processor.StateObj - <index_simulated_genome> State before poison: StateObj[submitted: 1; completed: 0; poisoned: false ]
Sep-06 17:46:52.576 [Actor Thread 6] INFO  nextflow.processor.TaskProcessor - [6a/e2fec0] Cached process > index_simulated_genome (1)
Sep-06 17:46:52.578 [Actor Thread 4] DEBUG nextflow.processor.TaskProcessor - <index_simulated_genome> Sending poison pills and terminating process
Sep-06 17:46:52.579 [Actor Thread 4] DEBUG nextflow.Session - <<< barrier arrive (process: index_simulated_genome)
Sep-06 17:46:52.579 [Actor Thread 6] DEBUG nextflow.processor.TaskProcessor - <perform_alignment> Poison pill arrived
Sep-06 17:46:52.579 [Actor Thread 2] DEBUG nextflow.processor.TaskProcessor - <index_simulated_genome> After stop
Sep-06 17:46:52.579 [Actor Thread 4] DEBUG nextflow.processor.StateObj - <perform_alignment> State before poison: StateObj[submitted: 1; completed: 0; poisoned: false ]
Sep-06 17:46:52.608 [Actor Thread 1] INFO  nextflow.processor.TaskProcessor - [d3/2304ec] Cached process > perform_alignment (1)
Sep-06 17:46:52.609 [Actor Thread 4] DEBUG nextflow.processor.TaskProcessor - <perform_alignment> Sending poison pills and terminating process
Sep-06 17:46:52.609 [Actor Thread 6] DEBUG nextflow.processor.TaskProcessor - <perform_alignment> After stop
Sep-06 17:46:52.609 [Actor Thread 4] DEBUG nextflow.Session - <<< barrier arrive (process: perform_alignment)
Sep-06 17:46:52.611 [Actor Thread 8] DEBUG nextflow.processor.TaskProcessor - <platypus> Poison pill arrived
Sep-06 17:46:52.612 [Actor Thread 1] DEBUG nextflow.processor.TaskProcessor - <bcftools> Poison pill arrived
Sep-06 17:46:52.611 [Actor Thread 9] DEBUG nextflow.processor.TaskProcessor - <freebayes> Poison pill arrived
Sep-06 17:46:52.611 [Actor Thread 3] DEBUG nextflow.processor.TaskProcessor - <gatk> Poison pill arrived
Sep-06 17:46:52.612 [Actor Thread 15] DEBUG nextflow.processor.TaskProcessor - <delly> Poison pill arrived
Sep-06 17:46:52.612 [Actor Thread 12] DEBUG nextflow.processor.TaskProcessor - <lumpy> Poison pill arrived
Sep-06 17:46:52.612 [Actor Thread 5] DEBUG nextflow.processor.StateObj - <delly> State before poison: StateObj[submitted: 1; completed: 0; poisoned: false ]
Sep-06 17:46:52.613 [Actor Thread 17] DEBUG nextflow.processor.StateObj - <lumpy> State before poison: StateObj[submitted: 1; completed: 0; poisoned: false ]
Sep-06 17:46:52.613 [Actor Thread 19] DEBUG nextflow.processor.StateObj - <gatk> State before poison: StateObj[submitted: 1; completed: 0; poisoned: false ]
Sep-06 17:46:52.614 [Actor Thread 18] DEBUG nextflow.processor.StateObj - <freebayes> State before poison: StateObj[submitted: 1; completed: 0; poisoned: false ]
Sep-06 17:46:52.618 [Actor Thread 4] DEBUG nextflow.processor.StateObj - <platypus> State before poison: StateObj[submitted: 1; completed: 0; poisoned: false ]
Sep-06 17:46:52.618 [Actor Thread 17] DEBUG nextflow.processor.StateObj - <bcftools> State before poison: StateObj[submitted: 1; completed: 0; poisoned: false ]
Sep-06 17:46:52.640 [Actor Thread 16] INFO  nextflow.processor.TaskProcessor - [e2/939259] Cached process > lumpy (1)
Sep-06 17:46:52.667 [Actor Thread 13] INFO  nextflow.processor.TaskProcessor - [ab/51950b] Cached process > bcftools (1)
Sep-06 17:46:52.688 [Actor Thread 7] INFO  nextflow.processor.TaskProcessor - [b8/c927a2] Cached process > delly (1)
Sep-06 17:46:52.704 [Actor Thread 10] INFO  nextflow.processor.TaskProcessor - [d8/34a140] Cached process > platypus (1)
Sep-06 17:46:52.726 [Actor Thread 14] INFO  nextflow.processor.TaskProcessor - [60/76f7f9] Cached process > gatk (1)
Sep-06 17:46:52.744 [Actor Thread 11] INFO  nextflow.processor.TaskProcessor - [5e/993b98] Cached process > freebayes (1)
Sep-06 17:46:52.767 [Actor Thread 17] DEBUG nextflow.processor.TaskProcessor - <lumpy> Sending poison pills and terminating process
Sep-06 17:46:52.767 [Actor Thread 12] DEBUG nextflow.processor.TaskProcessor - <lumpy> After stop
Sep-06 17:46:52.767 [Actor Thread 17] DEBUG nextflow.Session - <<< barrier arrive (process: lumpy)
Sep-06 17:46:52.768 [Actor Thread 19] DEBUG nextflow.processor.TaskProcessor - <bcftools> Sending poison pills and terminating process
Sep-06 17:46:52.768 [Actor Thread 1] DEBUG nextflow.processor.TaskProcessor - <bcftools> After stop
Sep-06 17:46:52.768 [Actor Thread 19] DEBUG nextflow.Session - <<< barrier arrive (process: bcftools)
Sep-06 17:46:52.768 [Actor Thread 19] DEBUG nextflow.processor.TaskProcessor - <platypus> Sending poison pills and terminating process
Sep-06 17:46:52.768 [Actor Thread 8] DEBUG nextflow.processor.TaskProcessor - <platypus> After stop
Sep-06 17:46:52.768 [Actor Thread 19] DEBUG nextflow.Session - <<< barrier arrive (process: platypus)
Sep-06 17:46:52.769 [Actor Thread 3] DEBUG nextflow.processor.TaskProcessor - <gatk> After stop
Sep-06 17:46:52.769 [Actor Thread 19] DEBUG nextflow.processor.TaskProcessor - <gatk> Sending poison pills and terminating process
Sep-06 17:46:52.769 [Actor Thread 19] DEBUG nextflow.Session - <<< barrier arrive (process: gatk)
Sep-06 17:46:52.791 [Actor Thread 19] DEBUG nextflow.processor.TaskProcessor - <delly> Sending poison pills and terminating process
Sep-06 17:46:52.791 [Actor Thread 19] DEBUG nextflow.Session - <<< barrier arrive (process: delly)
Sep-06 17:46:52.791 [Actor Thread 3] DEBUG nextflow.processor.TaskProcessor - <generate_tsv> Poison pill arrived
Sep-06 17:46:52.791 [Actor Thread 15] DEBUG nextflow.processor.TaskProcessor - <delly> After stop
Sep-06 17:46:52.791 [Actor Thread 9] DEBUG nextflow.processor.TaskProcessor - <freebayes> After stop
Sep-06 17:46:52.791 [Actor Thread 17] DEBUG nextflow.processor.TaskProcessor - <freebayes> Sending poison pills and terminating process
Sep-06 17:46:52.791 [Actor Thread 18] DEBUG nextflow.processor.StateObj - <generate_tsv> State before poison: StateObj[submitted: 1; completed: 0; poisoned: false ]
Sep-06 17:46:52.792 [Actor Thread 17] DEBUG nextflow.Session - <<< barrier arrive (process: freebayes)
Sep-06 17:46:52.829 [Actor Thread 7] INFO  nextflow.Session - [4d/9fd6f7] Submitted process > generate_tsv (1)
Sep-06 17:46:52.830 [Actor Thread 3] DEBUG nextflow.processor.TaskProcessor - <generate_tsv> After stop
Sep-06 17:47:13.717 [Actor Thread 17] DEBUG nextflow.processor.TaskProcessor - <generate_tsv> Sending poison pills and terminating process
Sep-06 17:47:13.718 [Actor Thread 17] DEBUG nextflow.Session - <<< barrier arrive (process: generate_tsv)
Sep-06 17:47:13.718 [main] DEBUG nextflow.Session - Session await > all process finished
Sep-06 17:47:13.817 [Thread-1] DEBUG n.processor.TaskPollingMonitor - <<< barrier arrives (monitor: local)
Sep-06 17:47:13.817 [main] DEBUG nextflow.Session - Session await > all barriers passed
Sep-06 17:47:13.855 [main] DEBUG nextflow.script.ScriptRunner - > Execution complete -- Goodbye
